<?xml version="1.0" encoding="UTF-8" ?>
<testsuite errors="1" skipped="0" tests="1" time="0.071" failures="0" name="org.drools.assistant.DRLAssistantTest">
  <properties>
    <property value="Java(TM) 2 Runtime Environment, Standard Edition" name="java.runtime.name"/>
    <property value="/System/Library/Frameworks/JavaVM.framework/Versions/1.5.0/Libraries" name="sun.boot.library.path"/>
    <property value="1.5.0_16-133" name="java.vm.version"/>
    <property value="true" name="awt.nativeDoubleBuffering"/>
    <property value="false" name="gopherProxySet"/>
    <property value="Apple Inc." name="java.vm.vendor"/>
    <property value="http://www.apple.com/" name="java.vendor.url"/>
    <property value=":" name="path.separator"/>
    <property value="Java HotSpot(TM) Client VM" name="java.vm.name"/>
    <property value="sun.io" name="file.encoding.pkg"/>
    <property value="ES" name="user.country"/>
    <property value="SUN_STANDARD" name="sun.java.launcher"/>
    <property value="unknown" name="sun.os.patch.level"/>
    <property value="Java Virtual Machine Specification" name="java.vm.specification.name"/>
    <property value="/Users/lucas/Documents/workspace-drools/drools-assistant" name="user.dir"/>
    <property value="1.5.0_16-b06-284" name="java.runtime.version"/>
    <property value="apple.awt.CGraphicsEnvironment" name="java.awt.graphicsenv"/>
    <property value="/Users/lucas/Documents/workspace-drools/drools-assistant" name="basedir"/>
    <property value="/System/Library/Frameworks/JavaVM.framework/Versions/1.5.0/Home/lib/endorsed" name="java.endorsed.dirs"/>
    <property value="i386" name="os.arch"/>
    <property value="/tmp/surefirebooter28262.jar" name="surefire.real.class.path"/>
    <property value="/tmp" name="java.io.tmpdir"/>
    <property value="
" name="line.separator"/>
    <property value="Sun Microsystems Inc." name="java.vm.specification.vendor"/>
    <property value="Mac OS X" name="os.name"/>
    <property value="MacRoman" name="sun.jnu.encoding"/>
    <property value=".:/Library/Java/Extensions:/System/Library/Java/Extensions:/usr/lib/java" name="java.library.path"/>
    <property value="8228" name="http.proxyPort"/>
    <property value="/Users/lucas/Documents/workspace-drools/drools-assistant/target/test-classes:/Users/lucas/Documents/workspace-drools/drools-assistant/target/classes:/Users/lucas/.m2/repository/junit/junit/3.8.1/junit-3.8.1.jar:/Users/lucas/.m2/repository/org/jmock/jmock/2.5.1/jmock-2.5.1.jar:/Users/lucas/.m2/repository/org/hamcrest/hamcrest-core/1.1/hamcrest-core-1.1.jar:/Users/lucas/.m2/repository/org/hamcrest/hamcrest-library/1.1/hamcrest-library-1.1.jar:/Users/lucas/.m2/repository/org/jmock/jmock-legacy/2.5.1/jmock-legacy-2.5.1.jar:/Users/lucas/.m2/repository/org/objenesis/objenesis/1.0/objenesis-1.0.jar:/Users/lucas/.m2/repository/cglib/cglib-nodep/2.1_3/cglib-nodep-2.1_3.jar:/Users/lucas/.m2/repository/org/apache/axis2/axis2/1.4.1/axis2-1.4.1.jar:" name="surefire.test.class.path"/>
    <property value="Java Platform API Specification" name="java.specification.name"/>
    <property value="49.0" name="java.class.version"/>
    <property value="HotSpot Client Compiler" name="sun.management.compiler"/>
    <property value="10.5.6" name="os.version"/>
    <property value="local|*.local|169.254/16|*.169.254/16" name="http.nonProxyHosts"/>
    <property value="/Users/lucas" name="user.home"/>
    <property value="" name="user.timezone"/>
    <property value="apple.awt.CPrinterJob" name="java.awt.printerjob"/>
    <property value="1.5" name="java.specification.version"/>
    <property value="MacRoman" name="file.encoding"/>
    <property value="lucas" name="user.name"/>
    <property value="/Users/lucas/Documents/workspace-drools/drools-assistant/target/test-classes:/Users/lucas/Documents/workspace-drools/drools-assistant/target/classes:/Users/lucas/.m2/repository/junit/junit/3.8.1/junit-3.8.1.jar:/Users/lucas/.m2/repository/org/jmock/jmock/2.5.1/jmock-2.5.1.jar:/Users/lucas/.m2/repository/org/hamcrest/hamcrest-core/1.1/hamcrest-core-1.1.jar:/Users/lucas/.m2/repository/org/hamcrest/hamcrest-library/1.1/hamcrest-library-1.1.jar:/Users/lucas/.m2/repository/org/jmock/jmock-legacy/2.5.1/jmock-legacy-2.5.1.jar:/Users/lucas/.m2/repository/org/objenesis/objenesis/1.0/objenesis-1.0.jar:/Users/lucas/.m2/repository/cglib/cglib-nodep/2.1_3/cglib-nodep-2.1_3.jar:/Users/lucas/.m2/repository/org/apache/axis2/axis2/1.4.1/axis2-1.4.1.jar:" name="java.class.path"/>
    <property value="1.0" name="java.vm.specification.version"/>
    <property value="32" name="sun.arch.data.model"/>
    <property value="/System/Library/Frameworks/JavaVM.framework/Versions/1.5.0/Home" name="java.home"/>
    <property value="Sun Microsystems Inc." name="java.specification.vendor"/>
    <property value="es" name="user.language"/>
    <property value="apple.awt.CToolkit" name="awt.toolkit"/>
    <property value="mixed mode" name="java.vm.info"/>
    <property value="1.5.0_16" name="java.version"/>
    <property value="/Library/Java/Extensions:/System/Library/Java/Extensions:/System/Library/Frameworks/JavaVM.framework/Versions/1.5.0/Home/lib/ext" name="java.ext.dirs"/>
    <property value="127.0.0.1" name="http.proxyHost"/>
    <property value="/System/Library/Frameworks/JavaVM.framework/Versions/1.5.0/Classes/classes.jar:/System/Library/Frameworks/JavaVM.framework/Versions/1.5.0/Classes/ui.jar:/System/Library/Frameworks/JavaVM.framework/Versions/1.5.0/Classes/laf.jar:/System/Library/Frameworks/JavaVM.framework/Versions/1.5.0/Classes/sunrsasign.jar:/System/Library/Frameworks/JavaVM.framework/Versions/1.5.0/Classes/jsse.jar:/System/Library/Frameworks/JavaVM.framework/Versions/1.5.0/Classes/jce.jar:/System/Library/Frameworks/JavaVM.framework/Versions/1.5.0/Classes/charsets.jar" name="sun.boot.class.path"/>
    <property value="Apple Inc." name="java.vendor"/>
    <property value="/Users/lucas/.m2/repository" name="localRepository"/>
    <property value="/" name="file.separator"/>
    <property value="http://bugreport.apple.com/" name="java.vendor.url.bug"/>
    <property value="little" name="sun.cpu.endian"/>
    <property value="UnicodeLittle" name="sun.io.unicode.encoding"/>
    <property value="1050.1.5.0_16-284" name="mrj.version"/>
    <property value="local|*.local|169.254/16|*.169.254/16" name="socksNonProxyHosts"/>
    <property value="local|*.local|169.254/16|*.169.254/16" name="ftp.nonProxyHosts"/>
    <property value="" name="sun.cpu.isalist"/>
  </properties>
  <testcase classname="org.drools.assistant.DRLAssistantTest" time="0.009" name="testCreation">
    <error type="java.lang.ClassCastException" message="java.util.ArrayList">java.lang.ClassCastException: java.util.ArrayList
	at org.drools.assistant.processor.DRLRefactorProcessor.getRuleAssistant(DRLRefactorProcessor.java:15)
	at org.drools.assistant.DRLAssistantTest.testCreation(DRLAssistantTest.java:17)
</error>
  </testcase>
</testsuite>